<?xml version="1.0" encoding="UTF-8"?>
<!-- Generated by org.testng.reporters.JUnitReportReporter -->
<testsuite skipped="0" hostname="Chandan-PC" name="cucumberOptions.TestRunner" tests="1" failures="0" timestamp="06 Jan 2021 15:50:46 GMT" time="0.585" errors="0">
  <testcase name="feature" time="0.585" classname="cucumberOptions.TestRunner"/>
</testsuite> <!-- cucumberOptions.TestRunner -->
