<?xml version="1.0" encoding="UTF-8"?>
<!-- Generated by org.testng.reporters.JUnitReportReporter -->
<testsuite skipped="0" hostname="Chandan-PC" name="Academy.TestLauncher" tests="8" failures="0" timestamp="08 Jan 2021 15:47:55 GMT" time="18.638" errors="0">
  <testcase name="validateTestApplication" time="0.020" classname="Academy.TestLauncher"/>
  <testcase name="launchLoginPage" time="3.000" classname="Academy.TestLauncher"/>
  <testcase name="testLogin" time="0.916" classname="Academy.TestLauncher"/>
  <testcase name="naviagateToRoutePlannerPage" time="2.117" classname="Academy.TestLauncher"/>
  <testcase name="setDestinationPoint" time="4.194" classname="Academy.TestLauncher"/>
  <testcase name="setStartPoint" time="0.943" classname="Academy.TestLauncher"/>
  <testcase name="setSaveTour" time="5.800" classname="Academy.TestLauncher"/>
  <testcase name="userLogout" time="1.648" classname="Academy.TestLauncher"/>
</testsuite> <!-- Academy.TestLauncher -->
