<?xml version="1.0" encoding="UTF-8"?>
<!-- Generated by org.testng.reporters.JUnitReportReporter -->
<testsuite skipped="0" hostname="Chandan-PC" name="Academy.validateNavigationBar" tests="1" failures="0" timestamp="31 Dec 2020 16:46:58 GMT" time="0.135" errors="0">
  <testcase name="validateAppNavBar" time="0.135" classname="Academy.validateNavigationBar"/>
</testsuite> <!-- Academy.validateNavigationBar -->
