<?xml version="1.0" encoding="UTF-8"?>
<!-- Generated by org.testng.reporters.JUnitReportReporter -->
<testsuite skipped="0" hostname="Chandan-PC" name="Academy.HomePage" tests="3" failures="0" timestamp="02 Jan 2021 20:36:06 GMT" time="6.281" errors="0">
  <testcase name="launchLoginPage" time="2.420" classname="Academy.HomePage"/>
  <testcase name="testLogin" time="0.796" classname="Academy.HomePage"/>
  <testcase name="launchTestApplication" time="3.065" classname="Academy.HomePage"/>
</testsuite> <!-- Academy.HomePage -->
