<?xml version="1.0" encoding="UTF-8"?>
<!-- Generated by org.testng.reporters.JUnitReportReporter -->
<testsuite hostname="Chandan-PC" name="Academy.TestLauncher" tests="8" failures="0" timestamp="8 Jan 2021 15:52:59 GMT" time="21.351" errors="0">
  <testcase name="setStartPoint" time="0.738" classname="Academy.TestLauncher"/>
  <testcase name="validateTestApplication" time="0.021" classname="Academy.TestLauncher"/>
  <testcase name="testLogin" time="0.970" classname="Academy.TestLauncher"/>
  <testcase name="setDestinationPoint" time="4.115" classname="Academy.TestLauncher"/>
  <testcase name="naviagateToRoutePlannerPage" time="4.671" classname="Academy.TestLauncher"/>
  <testcase name="setSaveTour" time="6.397" classname="Academy.TestLauncher"/>
  <testcase name="userLogout" time="1.831" classname="Academy.TestLauncher"/>
  <testcase name="launchLoginPage" time="2.608" classname="Academy.TestLauncher"/>
</testsuite> <!-- Academy.TestLauncher -->
